<?xml version="1.0" encoding="UTF-8"?>
<testsuite xmlns:xsi="http://www.w3.org/2001/XMLSchema-instance" xsi:noNamespaceSchemaLocation="https://maven.apache.org/surefire/maven-surefire-plugin/xsd/surefire-test-report.xsd" name="cn.edu.ustc.xk.SpringBoot02ymlConfigTests" time="4.204" tests="2" errors="0" skipped="0" failures="0">
  <properties>
[...]
</properties>
  <testcase name="testHelloService" classname="cn.edu.ustc.xk.SpringBoot02ymlConfigTests" time="0.49"/>
  <testcase name="contextLoads" classname="cn.edu.ustc.xk.SpringBoot02ymlConfigTests" time="0.008"/>
</testsuite>